[debug] [2025-04-17T15:28:21.671Z] ----------------------------------------------------------------------
[debug] [2025-04-17T15:28:21.677Z] Command:       C:\nvm4w\nodejs\node.exe C:\nvm4w\nodejs\node_modules\firebase-tools\lib\bin\firebase.js init
[debug] [2025-04-17T15:28:21.678Z] CLI Version:   13.35.1
[debug] [2025-04-17T15:28:21.679Z] Platform:      win32
[debug] [2025-04-17T15:28:21.679Z] Node Version:  v18.20.7
[debug] [2025-04-17T15:28:21.682Z] Time:          Thu Apr 17 2025 16:28:21 GMT+0100 (British Summer Time)
[debug] [2025-04-17T15:28:21.683Z] ----------------------------------------------------------------------
[debug] 
[debug] [2025-04-17T15:28:21.720Z] >>> [apiv2][query] GET https://firebase-public.firebaseio.com/cli.json [none]
[debug] [2025-04-17T15:28:21.835Z] > command requires scopes: ["email","openid","https://www.googleapis.com/auth/cloudplatformprojects.readonly","https://www.googleapis.com/auth/firebase","https://www.googleapis.com/auth/cloud-platform"]
[debug] [2025-04-17T15:28:21.836Z] > authorizing via signed-in user (hads1kiki@gmail.com)
[info] 
     ######## #### ########  ######## ########     ###     ######  ########
     ##        ##  ##     ## ##       ##     ##  ##   ##  ##       ##
     ######    ##  ########  ######   ########  #########  ######  ######
     ##        ##  ##    ##  ##       ##     ## ##     ##       ## ##
     ##       #### ##     ## ######## ########  ##     ##  ######  ########

You're about to initialize a Firebase project in this directory:

  C:\Users\hadi\Desktop\WeSynchro\web_backend

[debug] [2025-04-17T15:28:22.148Z] <<< [apiv2][status] GET https://firebase-public.firebaseio.com/cli.json 200
[debug] [2025-04-17T15:28:22.149Z] <<< [apiv2][body] GET https://firebase-public.firebaseio.com/cli.json {"cloudBuildErrorAfter":1594252800000,"cloudBuildWarnAfter":1590019200000,"defaultNode10After":1594252800000,"minVersion":"3.0.5","node8DeploysDisabledAfter":1613390400000,"node8RuntimeDisabledAfter":1615809600000,"node8WarnAfter":1600128000000}
